2024-08-30 21:59:48.946 o.h.v.i.u.Version - HV000001: Hibernate Validator 8.0.1.Final 
2024-08-30 21:59:48.997 c.e.J.JustGetStartedBackEndApplication - Starting JustGetStartedBackEndApplication using Java 19.0.1 with PID 45557 (/Users/kk/Desktop/SpringBoot/JustGetStartedBackEnd/build/classes/java/main started by kk in /Users/kk/Desktop/SpringBoot/JustGetStartedBackEnd) 
2024-08-30 21:59:48.998 c.e.J.JustGetStartedBackEndApplication - The following 1 profile is active: "private" 
2024-08-30 21:59:50.294 o.s.d.r.c.RepositoryConfigurationDelegate - Multiple Spring Data modules found, entering strict repository configuration mode 
2024-08-30 21:59:50.297 o.s.d.r.c.RepositoryConfigurationDelegate - Bootstrapping Spring Data JPA repositories in DEFAULT mode. 
2024-08-30 21:59:50.594 o.s.d.r.c.RepositoryConfigurationDelegate - Finished Spring Data repository scanning in 286 ms. Found 17 JPA repository interfaces. 
2024-08-30 21:59:50.616 o.s.d.r.c.RepositoryConfigurationDelegate - Multiple Spring Data modules found, entering strict repository configuration mode 
2024-08-30 21:59:50.618 o.s.d.r.c.RepositoryConfigurationDelegate - Bootstrapping Spring Data Redis repositories in DEFAULT mode. 
2024-08-30 21:59:50.648 o.s.d.r.c.RepositoryConfigurationExtensionSupport - Spring Data Redis - Could not safely identify store assignment for repository candidate interface com.example.JustGetStartedBackEnd.API.Chat.Repository.ChatRepository; If you want this repository to be a Redis repository, consider annotating your entities with one of these annotations: org.springframework.data.redis.core.RedisHash (preferred), or consider extending one of the following types with your repository: org.springframework.data.keyvalue.repository.KeyValueRepository 
2024-08-30 21:59:50.649 o.s.d.r.c.RepositoryConfigurationExtensionSupport - Spring Data Redis - Could not safely identify store assignment for repository candidate interface com.example.JustGetStartedBackEnd.API.Chat.Repository.ChatRoomMemberRepository; If you want this repository to be a Redis repository, consider annotating your entities with one of these annotations: org.springframework.data.redis.core.RedisHash (preferred), or consider extending one of the following types with your repository: org.springframework.data.keyvalue.repository.KeyValueRepository 
2024-08-30 21:59:50.649 o.s.d.r.c.RepositoryConfigurationExtensionSupport - Spring Data Redis - Could not safely identify store assignment for repository candidate interface com.example.JustGetStartedBackEnd.API.Chat.Repository.ChatRoomRepository; If you want this repository to be a Redis repository, consider annotating your entities with one of these annotations: org.springframework.data.redis.core.RedisHash (preferred), or consider extending one of the following types with your repository: org.springframework.data.keyvalue.repository.KeyValueRepository 
2024-08-30 21:59:50.650 o.s.d.r.c.RepositoryConfigurationExtensionSupport - Spring Data Redis - Could not safely identify store assignment for repository candidate interface com.example.JustGetStartedBackEnd.API.Community.Repository.CommunityRepository; If you want this repository to be a Redis repository, consider annotating your entities with one of these annotations: org.springframework.data.redis.core.RedisHash (preferred), or consider extending one of the following types with your repository: org.springframework.data.keyvalue.repository.KeyValueRepository 
2024-08-30 21:59:50.651 o.s.d.r.c.RepositoryConfigurationExtensionSupport - Spring Data Redis - Could not safely identify store assignment for repository candidate interface com.example.JustGetStartedBackEnd.API.Conference.Repository.ConferenceRepository; If you want this repository to be a Redis repository, consider annotating your entities with one of these annotations: org.springframework.data.redis.core.RedisHash (preferred), or consider extending one of the following types with your repository: org.springframework.data.keyvalue.repository.KeyValueRepository 
2024-08-30 21:59:50.651 o.s.d.r.c.RepositoryConfigurationExtensionSupport - Spring Data Redis - Could not safely identify store assignment for repository candidate interface com.example.JustGetStartedBackEnd.API.Image.Repository.ImageRepository; If you want this repository to be a Redis repository, consider annotating your entities with one of these annotations: org.springframework.data.redis.core.RedisHash (preferred), or consider extending one of the following types with your repository: org.springframework.data.keyvalue.repository.KeyValueRepository 
2024-08-30 21:59:50.651 o.s.d.r.c.RepositoryConfigurationExtensionSupport - Spring Data Redis - Could not safely identify store assignment for repository candidate interface com.example.JustGetStartedBackEnd.API.Match.Repository.GameMatchRepository; If you want this repository to be a Redis repository, consider annotating your entities with one of these annotations: org.springframework.data.redis.core.RedisHash (preferred), or consider extending one of the following types with your repository: org.springframework.data.keyvalue.repository.KeyValueRepository 
2024-08-30 21:59:50.652 o.s.d.r.c.RepositoryConfigurationExtensionSupport - Spring Data Redis - Could not safely identify store assignment for repository candidate interface com.example.JustGetStartedBackEnd.API.MatchNotification.Repository.MatchNotificationRepository; If you want this repository to be a Redis repository, consider annotating your entities with one of these annotations: org.springframework.data.redis.core.RedisHash (preferred), or consider extending one of the following types with your repository: org.springframework.data.keyvalue.repository.KeyValueRepository 
2024-08-30 21:59:50.652 o.s.d.r.c.RepositoryConfigurationExtensionSupport - Spring Data Redis - Could not safely identify store assignment for repository candidate interface com.example.JustGetStartedBackEnd.API.MatchPost.Repository.MatchPostRepository; If you want this repository to be a Redis repository, consider annotating your entities with one of these annotations: org.springframework.data.redis.core.RedisHash (preferred), or consider extending one of the following types with your repository: org.springframework.data.keyvalue.repository.KeyValueRepository 
2024-08-30 21:59:50.652 o.s.d.r.c.RepositoryConfigurationExtensionSupport - Spring Data Redis - Could not safely identify store assignment for repository candidate interface com.example.JustGetStartedBackEnd.API.Notification.Repository.NotificationRepository; If you want this repository to be a Redis repository, consider annotating your entities with one of these annotations: org.springframework.data.redis.core.RedisHash (preferred), or consider extending one of the following types with your repository: org.springframework.data.keyvalue.repository.KeyValueRepository 
2024-08-30 21:59:50.652 o.s.d.r.c.RepositoryConfigurationExtensionSupport - Spring Data Redis - Could not safely identify store assignment for repository candidate interface com.example.JustGetStartedBackEnd.API.Team.Repository.TeamRepository; If you want this repository to be a Redis repository, consider annotating your entities with one of these annotations: org.springframework.data.redis.core.RedisHash (preferred), or consider extending one of the following types with your repository: org.springframework.data.keyvalue.repository.KeyValueRepository 
2024-08-30 21:59:50.653 o.s.d.r.c.RepositoryConfigurationExtensionSupport - Spring Data Redis - Could not safely identify store assignment for repository candidate interface com.example.JustGetStartedBackEnd.API.Team.Repository.TierRepository; If you want this repository to be a Redis repository, consider annotating your entities with one of these annotations: org.springframework.data.redis.core.RedisHash (preferred), or consider extending one of the following types with your repository: org.springframework.data.keyvalue.repository.KeyValueRepository 
2024-08-30 21:59:50.653 o.s.d.r.c.RepositoryConfigurationExtensionSupport - Spring Data Redis - Could not safely identify store assignment for repository candidate interface com.example.JustGetStartedBackEnd.API.TeamInvite.Repository.TeamInviteRepository; If you want this repository to be a Redis repository, consider annotating your entities with one of these annotations: org.springframework.data.redis.core.RedisHash (preferred), or consider extending one of the following types with your repository: org.springframework.data.keyvalue.repository.KeyValueRepository 
2024-08-30 21:59:50.653 o.s.d.r.c.RepositoryConfigurationExtensionSupport - Spring Data Redis - Could not safely identify store assignment for repository candidate interface com.example.JustGetStartedBackEnd.API.TeamJoinNotification.Repository.TeamJoinNotificationRepository; If you want this repository to be a Redis repository, consider annotating your entities with one of these annotations: org.springframework.data.redis.core.RedisHash (preferred), or consider extending one of the following types with your repository: org.springframework.data.keyvalue.repository.KeyValueRepository 
2024-08-30 21:59:50.653 o.s.d.r.c.RepositoryConfigurationExtensionSupport - Spring Data Redis - Could not safely identify store assignment for repository candidate interface com.example.JustGetStartedBackEnd.API.TeamMember.Repository.TeamMemberRepository; If you want this repository to be a Redis repository, consider annotating your entities with one of these annotations: org.springframework.data.redis.core.RedisHash (preferred), or consider extending one of the following types with your repository: org.springframework.data.keyvalue.repository.KeyValueRepository 
2024-08-30 21:59:50.654 o.s.d.r.c.RepositoryConfigurationExtensionSupport - Spring Data Redis - Could not safely identify store assignment for repository candidate interface com.example.JustGetStartedBackEnd.API.TeamReview.Repository.TeamReviewRepository; If you want this repository to be a Redis repository, consider annotating your entities with one of these annotations: org.springframework.data.redis.core.RedisHash (preferred), or consider extending one of the following types with your repository: org.springframework.data.keyvalue.repository.KeyValueRepository 
2024-08-30 21:59:50.654 o.s.d.r.c.RepositoryConfigurationExtensionSupport - Spring Data Redis - Could not safely identify store assignment for repository candidate interface com.example.JustGetStartedBackEnd.Member.Repository.MemberRepository; If you want this repository to be a Redis repository, consider annotating your entities with one of these annotations: org.springframework.data.redis.core.RedisHash (preferred), or consider extending one of the following types with your repository: org.springframework.data.keyvalue.repository.KeyValueRepository 
2024-08-30 21:59:50.654 o.s.d.r.c.RepositoryConfigurationDelegate - Finished Spring Data repository scanning in 25 ms. Found 0 Redis repository interfaces. 
2024-08-30 21:59:51.553 o.s.b.w.e.t.TomcatWebServer - Tomcat initialized with port 8080 (http) 
2024-08-30 21:59:51.565 o.a.c.h.Http11NioProtocol - Initializing ProtocolHandler ["http-nio-8080"] 
2024-08-30 21:59:51.570 o.a.c.c.StandardService - Starting service [Tomcat] 
2024-08-30 21:59:51.570 o.a.c.c.StandardEngine - Starting Servlet engine: [Apache Tomcat/10.1.28] 
2024-08-30 21:59:51.640 o.a.c.c.C.[.[.[/] - Initializing Spring embedded WebApplicationContext 
2024-08-30 21:59:51.640 o.s.b.w.s.c.ServletWebServerApplicationContext - Root WebApplicationContext: initialization completed in 2591 ms 
2024-08-30 21:59:51.868 o.h.j.i.u.LogHelper - HHH000204: Processing PersistenceUnitInfo [name: default] 
2024-08-30 21:59:51.946 o.h.Version - HHH000412: Hibernate ORM core version 6.4.10.Final 
2024-08-30 21:59:51.988 o.h.c.i.RegionFactoryInitiator - HHH000026: Second-level cache disabled 
2024-08-30 21:59:52.298 o.s.o.j.p.SpringPersistenceUnitInfo - No LoadTimeWeaver setup: ignoring JPA class transformer 
2024-08-30 21:59:52.339 c.z.h.HikariDataSource - HikariPool-1 - Starting... 
2024-08-30 21:59:52.671 c.z.h.p.HikariPool - HikariPool-1 - Added connection com.mysql.cj.jdbc.ConnectionImpl@6fa7ce4 
2024-08-30 21:59:52.673 c.z.h.HikariDataSource - HikariPool-1 - Start completed. 
2024-08-30 21:59:54.480 o.h.e.t.j.p.i.JtaPlatformInitiator - HHH000489: No JTA platform available (set 'hibernate.transaction.jta.platform' to enable JTA platform integration) 
2024-08-30 21:59:54.486 o.s.o.j.LocalContainerEntityManagerFactoryBean - Initialized JPA EntityManagerFactory for persistence unit 'default' 
2024-08-30 21:59:54.867 o.s.d.j.r.q.QueryEnhancerFactory - Hibernate is in classpath; If applicable, HQL parser will be used. 
2024-08-30 21:59:58.400 o.s.b.a.o.j.JpaBaseConfiguration$JpaWebConfiguration - spring.jpa.open-in-view is enabled by default. Therefore, database queries may be performed during view rendering. Explicitly configure spring.jpa.open-in-view to disable this warning 
2024-08-30 21:59:58.828 o.s.s.w.DefaultSecurityFilterChain - Will secure any request with [org.springframework.security.web.session.DisableEncodeUrlFilter@46aed152, org.springframework.security.web.context.request.async.WebAsyncManagerIntegrationFilter@64a7409e, org.springframework.security.web.context.SecurityContextHolderFilter@10a7f64a, org.springframework.security.web.header.HeaderWriterFilter@2b1e626, org.springframework.web.filter.CorsFilter@3527c201, com.example.JustGetStartedBackEnd.OAuth2.Logout.CustomLogoutFilter@50e45729, org.springframework.security.web.authentication.logout.LogoutFilter@4ef14401, org.springframework.security.oauth2.client.web.OAuth2AuthorizationRequestRedirectFilter@5049e8f9, org.springframework.security.oauth2.client.web.OAuth2LoginAuthenticationFilter@595c2f7f, com.example.JustGetStartedBackEnd.JWT.JWTFilter@60703826, org.springframework.security.web.authentication.ui.DefaultLoginPageGeneratingFilter@19a1ecc0, org.springframework.security.web.authentication.ui.DefaultLogoutPageGeneratingFilter@3e0d3706, org.springframework.security.web.savedrequest.RequestCacheAwareFilter@2de7efef, org.springframework.security.web.servletapi.SecurityContextHolderAwareRequestFilter@7caea65c, org.springframework.security.web.authentication.AnonymousAuthenticationFilter@3531cd0c, org.springframework.security.web.session.SessionManagementFilter@66784681, org.springframework.security.web.access.ExceptionTranslationFilter@6c9d67ba, org.springframework.security.web.access.intercept.AuthorizationFilter@51fe7abb] 
2024-08-30 21:59:59.287 o.a.c.h.Http11NioProtocol - Starting ProtocolHandler ["http-nio-8080"] 
2024-08-30 21:59:59.301 o.s.b.w.e.t.TomcatWebServer - Tomcat started on port 8080 (http) with context path '' 
2024-08-30 21:59:59.862 o.s.m.s.b.SimpleBrokerMessageHandler - Starting... 
2024-08-30 21:59:59.862 o.s.m.s.b.SimpleBrokerMessageHandler - BrokerAvailabilityEvent[available=true, SimpleBrokerMessageHandler [org.springframework.messaging.simp.broker.DefaultSubscriptionRegistry@2eaf4533]] 
2024-08-30 21:59:59.862 o.s.m.s.b.SimpleBrokerMessageHandler - Started. 
2024-08-30 21:59:59.877 c.e.J.JustGetStartedBackEndApplication - Started JustGetStartedBackEndApplication in 11.476 seconds (process running for 12.471) 
2024-08-30 22:00:59.301 o.s.w.s.c.WebSocketMessageBrokerStats - WebSocketSession[0 current WS(0)-HttpStream(0)-HttpPoll(0), 0 total, 0 closed abnormally (0 connect failure, 0 send limit, 0 transport error)], stompSubProtocol[processed CONNECT(0)-CONNECTED(0)-DISCONNECT(0)], stompBrokerRelay[null], inboundChannel[pool size = 0, active threads = 0, queued tasks = 0, completed tasks = 0], outboundChannel[pool size = 0, active threads = 0, queued tasks = 0, completed tasks = 0], sockJsScheduler[pool size = 4, active threads = 1, queued tasks = 2, completed tasks = 1] 
2024-08-30 22:18:48.514 o.s.m.s.b.SimpleBrokerMessageHandler - Stopping... 
2024-08-30 22:18:48.521 o.s.m.s.b.SimpleBrokerMessageHandler - BrokerAvailabilityEvent[available=false, SimpleBrokerMessageHandler [org.springframework.messaging.simp.broker.DefaultSubscriptionRegistry@2eaf4533]] 
2024-08-30 22:18:48.521 o.s.m.s.b.SimpleBrokerMessageHandler - Stopped. 
2024-08-30 22:18:48.746 o.s.o.j.LocalContainerEntityManagerFactoryBean - Closing JPA EntityManagerFactory for persistence unit 'default' 
2024-08-30 22:18:48.769 c.z.h.HikariDataSource - HikariPool-1 - Shutdown initiated... 
2024-08-30 22:18:48.809 c.z.h.HikariDataSource - HikariPool-1 - Shutdown completed. 
2024-08-30 22:53:12.694 o.h.v.i.u.Version - HV000001: Hibernate Validator 8.0.1.Final 
2024-08-30 22:53:12.764 c.e.J.JustGetStartedBackEndApplication - Starting JustGetStartedBackEndApplication using Java 19.0.1 with PID 47235 (/Users/kk/Desktop/SpringBoot/JustGetStartedBackEnd/build/classes/java/main started by kk in /Users/kk/Desktop/SpringBoot/JustGetStartedBackEnd) 
2024-08-30 22:53:12.765 c.e.J.JustGetStartedBackEndApplication - The following 1 profile is active: "private" 
2024-08-30 22:53:14.163 o.s.d.r.c.RepositoryConfigurationDelegate - Multiple Spring Data modules found, entering strict repository configuration mode 
2024-08-30 22:53:14.189 o.s.d.r.c.RepositoryConfigurationDelegate - Bootstrapping Spring Data JPA repositories in DEFAULT mode. 
2024-08-30 22:53:14.660 o.s.d.r.c.RepositoryConfigurationDelegate - Finished Spring Data repository scanning in 450 ms. Found 17 JPA repository interfaces. 
2024-08-30 22:53:14.682 o.s.d.r.c.RepositoryConfigurationDelegate - Multiple Spring Data modules found, entering strict repository configuration mode 
2024-08-30 22:53:14.684 o.s.d.r.c.RepositoryConfigurationDelegate - Bootstrapping Spring Data Redis repositories in DEFAULT mode. 
2024-08-30 22:53:14.725 o.s.d.r.c.RepositoryConfigurationExtensionSupport - Spring Data Redis - Could not safely identify store assignment for repository candidate interface com.example.JustGetStartedBackEnd.API.Chat.Repository.ChatRepository; If you want this repository to be a Redis repository, consider annotating your entities with one of these annotations: org.springframework.data.redis.core.RedisHash (preferred), or consider extending one of the following types with your repository: org.springframework.data.keyvalue.repository.KeyValueRepository 
2024-08-30 22:53:14.726 o.s.d.r.c.RepositoryConfigurationExtensionSupport - Spring Data Redis - Could not safely identify store assignment for repository candidate interface com.example.JustGetStartedBackEnd.API.Chat.Repository.ChatRoomMemberRepository; If you want this repository to be a Redis repository, consider annotating your entities with one of these annotations: org.springframework.data.redis.core.RedisHash (preferred), or consider extending one of the following types with your repository: org.springframework.data.keyvalue.repository.KeyValueRepository 
2024-08-30 22:53:14.727 o.s.d.r.c.RepositoryConfigurationExtensionSupport - Spring Data Redis - Could not safely identify store assignment for repository candidate interface com.example.JustGetStartedBackEnd.API.Chat.Repository.ChatRoomRepository; If you want this repository to be a Redis repository, consider annotating your entities with one of these annotations: org.springframework.data.redis.core.RedisHash (preferred), or consider extending one of the following types with your repository: org.springframework.data.keyvalue.repository.KeyValueRepository 
2024-08-30 22:53:14.727 o.s.d.r.c.RepositoryConfigurationExtensionSupport - Spring Data Redis - Could not safely identify store assignment for repository candidate interface com.example.JustGetStartedBackEnd.API.Community.Repository.CommunityRepository; If you want this repository to be a Redis repository, consider annotating your entities with one of these annotations: org.springframework.data.redis.core.RedisHash (preferred), or consider extending one of the following types with your repository: org.springframework.data.keyvalue.repository.KeyValueRepository 
2024-08-30 22:53:14.727 o.s.d.r.c.RepositoryConfigurationExtensionSupport - Spring Data Redis - Could not safely identify store assignment for repository candidate interface com.example.JustGetStartedBackEnd.API.Conference.Repository.ConferenceRepository; If you want this repository to be a Redis repository, consider annotating your entities with one of these annotations: org.springframework.data.redis.core.RedisHash (preferred), or consider extending one of the following types with your repository: org.springframework.data.keyvalue.repository.KeyValueRepository 
2024-08-30 22:53:14.728 o.s.d.r.c.RepositoryConfigurationExtensionSupport - Spring Data Redis - Could not safely identify store assignment for repository candidate interface com.example.JustGetStartedBackEnd.API.Image.Repository.ImageRepository; If you want this repository to be a Redis repository, consider annotating your entities with one of these annotations: org.springframework.data.redis.core.RedisHash (preferred), or consider extending one of the following types with your repository: org.springframework.data.keyvalue.repository.KeyValueRepository 
2024-08-30 22:53:14.729 o.s.d.r.c.RepositoryConfigurationExtensionSupport - Spring Data Redis - Could not safely identify store assignment for repository candidate interface com.example.JustGetStartedBackEnd.API.Match.Repository.GameMatchRepository; If you want this repository to be a Redis repository, consider annotating your entities with one of these annotations: org.springframework.data.redis.core.RedisHash (preferred), or consider extending one of the following types with your repository: org.springframework.data.keyvalue.repository.KeyValueRepository 
2024-08-30 22:53:14.729 o.s.d.r.c.RepositoryConfigurationExtensionSupport - Spring Data Redis - Could not safely identify store assignment for repository candidate interface com.example.JustGetStartedBackEnd.API.MatchNotification.Repository.MatchNotificationRepository; If you want this repository to be a Redis repository, consider annotating your entities with one of these annotations: org.springframework.data.redis.core.RedisHash (preferred), or consider extending one of the following types with your repository: org.springframework.data.keyvalue.repository.KeyValueRepository 
2024-08-30 22:53:14.730 o.s.d.r.c.RepositoryConfigurationExtensionSupport - Spring Data Redis - Could not safely identify store assignment for repository candidate interface com.example.JustGetStartedBackEnd.API.MatchPost.Repository.MatchPostRepository; If you want this repository to be a Redis repository, consider annotating your entities with one of these annotations: org.springframework.data.redis.core.RedisHash (preferred), or consider extending one of the following types with your repository: org.springframework.data.keyvalue.repository.KeyValueRepository 
2024-08-30 22:53:14.730 o.s.d.r.c.RepositoryConfigurationExtensionSupport - Spring Data Redis - Could not safely identify store assignment for repository candidate interface com.example.JustGetStartedBackEnd.API.Notification.Repository.NotificationRepository; If you want this repository to be a Redis repository, consider annotating your entities with one of these annotations: org.springframework.data.redis.core.RedisHash (preferred), or consider extending one of the following types with your repository: org.springframework.data.keyvalue.repository.KeyValueRepository 
2024-08-30 22:53:14.731 o.s.d.r.c.RepositoryConfigurationExtensionSupport - Spring Data Redis - Could not safely identify store assignment for repository candidate interface com.example.JustGetStartedBackEnd.API.Team.Repository.TeamRepository; If you want this repository to be a Redis repository, consider annotating your entities with one of these annotations: org.springframework.data.redis.core.RedisHash (preferred), or consider extending one of the following types with your repository: org.springframework.data.keyvalue.repository.KeyValueRepository 
2024-08-30 22:53:14.732 o.s.d.r.c.RepositoryConfigurationExtensionSupport - Spring Data Redis - Could not safely identify store assignment for repository candidate interface com.example.JustGetStartedBackEnd.API.Team.Repository.TierRepository; If you want this repository to be a Redis repository, consider annotating your entities with one of these annotations: org.springframework.data.redis.core.RedisHash (preferred), or consider extending one of the following types with your repository: org.springframework.data.keyvalue.repository.KeyValueRepository 
2024-08-30 22:53:14.732 o.s.d.r.c.RepositoryConfigurationExtensionSupport - Spring Data Redis - Could not safely identify store assignment for repository candidate interface com.example.JustGetStartedBackEnd.API.TeamInvite.Repository.TeamInviteRepository; If you want this repository to be a Redis repository, consider annotating your entities with one of these annotations: org.springframework.data.redis.core.RedisHash (preferred), or consider extending one of the following types with your repository: org.springframework.data.keyvalue.repository.KeyValueRepository 
2024-08-30 22:53:14.733 o.s.d.r.c.RepositoryConfigurationExtensionSupport - Spring Data Redis - Could not safely identify store assignment for repository candidate interface com.example.JustGetStartedBackEnd.API.TeamJoinNotification.Repository.TeamJoinNotificationRepository; If you want this repository to be a Redis repository, consider annotating your entities with one of these annotations: org.springframework.data.redis.core.RedisHash (preferred), or consider extending one of the following types with your repository: org.springframework.data.keyvalue.repository.KeyValueRepository 
2024-08-30 22:53:14.733 o.s.d.r.c.RepositoryConfigurationExtensionSupport - Spring Data Redis - Could not safely identify store assignment for repository candidate interface com.example.JustGetStartedBackEnd.API.TeamMember.Repository.TeamMemberRepository; If you want this repository to be a Redis repository, consider annotating your entities with one of these annotations: org.springframework.data.redis.core.RedisHash (preferred), or consider extending one of the following types with your repository: org.springframework.data.keyvalue.repository.KeyValueRepository 
2024-08-30 22:53:14.734 o.s.d.r.c.RepositoryConfigurationExtensionSupport - Spring Data Redis - Could not safely identify store assignment for repository candidate interface com.example.JustGetStartedBackEnd.API.TeamReview.Repository.TeamReviewRepository; If you want this repository to be a Redis repository, consider annotating your entities with one of these annotations: org.springframework.data.redis.core.RedisHash (preferred), or consider extending one of the following types with your repository: org.springframework.data.keyvalue.repository.KeyValueRepository 
2024-08-30 22:53:14.735 o.s.d.r.c.RepositoryConfigurationExtensionSupport - Spring Data Redis - Could not safely identify store assignment for repository candidate interface com.example.JustGetStartedBackEnd.Member.Repository.MemberRepository; If you want this repository to be a Redis repository, consider annotating your entities with one of these annotations: org.springframework.data.redis.core.RedisHash (preferred), or consider extending one of the following types with your repository: org.springframework.data.keyvalue.repository.KeyValueRepository 
2024-08-30 22:53:14.735 o.s.d.r.c.RepositoryConfigurationDelegate - Finished Spring Data repository scanning in 37 ms. Found 0 Redis repository interfaces. 
2024-08-30 22:53:16.058 o.s.b.w.e.t.TomcatWebServer - Tomcat initialized with port 8080 (http) 
2024-08-30 22:53:16.127 o.a.c.h.Http11NioProtocol - Initializing ProtocolHandler ["http-nio-8080"] 
2024-08-30 22:53:16.137 o.a.c.c.StandardService - Starting service [Tomcat] 
2024-08-30 22:53:16.138 o.a.c.c.StandardEngine - Starting Servlet engine: [Apache Tomcat/10.1.28] 
2024-08-30 22:53:16.279 o.a.c.c.C.[.[.[/] - Initializing Spring embedded WebApplicationContext 
2024-08-30 22:53:16.279 o.s.b.w.s.c.ServletWebServerApplicationContext - Root WebApplicationContext: initialization completed in 3454 ms 
2024-08-30 22:53:16.564 o.h.j.i.u.LogHelper - HHH000204: Processing PersistenceUnitInfo [name: default] 
2024-08-30 22:53:16.652 o.h.Version - HHH000412: Hibernate ORM core version 6.4.10.Final 
2024-08-30 22:53:16.709 o.h.c.i.RegionFactoryInitiator - HHH000026: Second-level cache disabled 
2024-08-30 22:53:17.051 o.s.o.j.p.SpringPersistenceUnitInfo - No LoadTimeWeaver setup: ignoring JPA class transformer 
2024-08-30 22:53:17.095 c.z.h.HikariDataSource - HikariPool-1 - Starting... 
2024-08-30 22:53:17.719 c.z.h.p.HikariPool - HikariPool-1 - Added connection com.mysql.cj.jdbc.ConnectionImpl@401b67a9 
2024-08-30 22:53:17.722 c.z.h.HikariDataSource - HikariPool-1 - Start completed. 
2024-08-30 22:53:19.737 o.h.e.t.j.p.i.JtaPlatformInitiator - HHH000489: No JTA platform available (set 'hibernate.transaction.jta.platform' to enable JTA platform integration) 
2024-08-30 22:53:19.742 o.s.o.j.LocalContainerEntityManagerFactoryBean - Initialized JPA EntityManagerFactory for persistence unit 'default' 
2024-08-30 22:53:20.150 o.s.d.j.r.q.QueryEnhancerFactory - Hibernate is in classpath; If applicable, HQL parser will be used. 
2024-08-30 22:53:24.586 o.s.b.a.o.j.JpaBaseConfiguration$JpaWebConfiguration - spring.jpa.open-in-view is enabled by default. Therefore, database queries may be performed during view rendering. Explicitly configure spring.jpa.open-in-view to disable this warning 
2024-08-30 22:53:25.019 o.s.s.w.DefaultSecurityFilterChain - Will secure any request with [org.springframework.security.web.session.DisableEncodeUrlFilter@356e2a36, org.springframework.security.web.context.request.async.WebAsyncManagerIntegrationFilter@37208dc0, org.springframework.security.web.context.SecurityContextHolderFilter@296f614c, org.springframework.security.web.header.HeaderWriterFilter@5144451c, org.springframework.web.filter.CorsFilter@31d97830, com.example.JustGetStartedBackEnd.OAuth2.Logout.CustomLogoutFilter@44239be3, org.springframework.security.web.authentication.logout.LogoutFilter@11aafd0f, org.springframework.security.oauth2.client.web.OAuth2AuthorizationRequestRedirectFilter@60703826, org.springframework.security.oauth2.client.web.OAuth2LoginAuthenticationFilter@471e899c, com.example.JustGetStartedBackEnd.JWT.JWTFilter@5826cb, org.springframework.security.web.authentication.ui.DefaultLoginPageGeneratingFilter@4ef14401, org.springframework.security.web.authentication.ui.DefaultLogoutPageGeneratingFilter@3325f58d, org.springframework.security.web.savedrequest.RequestCacheAwareFilter@474e2922, org.springframework.security.web.servletapi.SecurityContextHolderAwareRequestFilter@3f55d31, org.springframework.security.web.authentication.AnonymousAuthenticationFilter@49c70321, org.springframework.security.web.session.SessionManagementFilter@51449e61, org.springframework.security.web.access.ExceptionTranslationFilter@3aa89755, org.springframework.security.web.access.intercept.AuthorizationFilter@8a15db6] 
2024-08-30 22:53:25.493 o.a.c.h.Http11NioProtocol - Starting ProtocolHandler ["http-nio-8080"] 
2024-08-30 22:53:25.506 o.s.b.w.e.t.TomcatWebServer - Tomcat started on port 8080 (http) with context path '' 
2024-08-30 22:53:26.075 o.s.m.s.b.SimpleBrokerMessageHandler - Starting... 
2024-08-30 22:53:26.076 o.s.m.s.b.SimpleBrokerMessageHandler - BrokerAvailabilityEvent[available=true, SimpleBrokerMessageHandler [org.springframework.messaging.simp.broker.DefaultSubscriptionRegistry@501a89d1]] 
2024-08-30 22:53:26.076 o.s.m.s.b.SimpleBrokerMessageHandler - Started. 
2024-08-30 22:53:26.093 c.e.J.JustGetStartedBackEndApplication - Started JustGetStartedBackEndApplication in 14.144 seconds (process running for 16.031) 
2024-08-30 22:53:35.439 o.s.m.s.b.SimpleBrokerMessageHandler - Stopping... 
2024-08-30 22:53:35.440 o.s.m.s.b.SimpleBrokerMessageHandler - BrokerAvailabilityEvent[available=false, SimpleBrokerMessageHandler [org.springframework.messaging.simp.broker.DefaultSubscriptionRegistry@501a89d1]] 
2024-08-30 22:53:35.440 o.s.m.s.b.SimpleBrokerMessageHandler - Stopped. 
2024-08-30 22:53:35.576 o.s.o.j.LocalContainerEntityManagerFactoryBean - Closing JPA EntityManagerFactory for persistence unit 'default' 
2024-08-30 22:53:35.579 c.z.h.HikariDataSource - HikariPool-1 - Shutdown initiated... 
2024-08-30 22:53:35.590 c.z.h.HikariDataSource - HikariPool-1 - Shutdown completed. 
